<?xml version="1.0" encoding="UTF-8"?>
<!-- Generated by org.testng.reporters.JUnitReportReporter -->
<testsuite hostname="napendra-PC" name="QuikrSignupTest" tests="1" failures="0" timestamp="22 Mar 2014 14:39:48 GMT" time="103.350" errors="0">
  <testcase name="testQuikrSignupForInvalidData" time="103.350" classname="QuikrSignupTest"/>
</testsuite> <!-- QuikrSignupTest -->
