<?xml version="1.0" encoding="UTF-8"?>
<!-- Generated by org.testng.reporters.JUnitReportReporter -->
<testsuite hostname="napendra-PC" name="com.quikr.test.QuikrSignupTest" tests="2" failures="0" timestamp="22 Mar 2014 14:52:41 GMT" time="218.436" errors="0">
  <testcase name="testQuikrSignupForInvalidData" time="103.059" classname="com.quikr.test.QuikrSignupTest"/>
  <testcase name="testQuikrSignupForInvalidData" time="115.377" classname="com.quikr.test.QuikrSignupTest"/>
</testsuite> <!-- com.quikr.test.QuikrSignupTest -->
